<?xml version="1.0" encoding="UTF-8"?>
<testsuite name="leetcode.UniqueNumberOfOccurrencesTest" tests="4" skipped="0" failures="0" errors="0" timestamp="2025-04-04T22:13:46" hostname="10-249-31-65.wireless.oregonstate.edu" time="0.01">
  <properties/>
  <testcase name="testDuplicateFrequencies()" classname="leetcode.UniqueNumberOfOccurrencesTest" time="0.009"/>
  <testcase name="testAllSameElement()" classname="leetcode.UniqueNumberOfOccurrencesTest" time="0.0"/>
  <testcase name="testUniqueElements()" classname="leetcode.UniqueNumberOfOccurrencesTest" time="0.001"/>
  <testcase name="testNegativeNumbers()" classname="leetcode.UniqueNumberOfOccurrencesTest" time="0.0"/>
  <system-out><![CDATA[1 1
2 2
3 2
5 4
1 1
2 1
-1 3
-2 2
-3 1
]]></system-out>
  <system-err><![CDATA[]]></system-err>
</testsuite>
