<?xml version="1.0" encoding="UTF-8"?>
<testsuite name="testing.CalculatorTest" tests="1" skipped="0" failures="0" errors="0" timestamp="2023-06-05T22:00:59" hostname="Syngentas-MBP" time="0.02">
  <properties/>
  <testcase name="sum()" classname="testing.CalculatorTest" time="0.02"/>
  <system-out><![CDATA[]]></system-out>
  <system-err><![CDATA[]]></system-err>
</testsuite>
